0 relationship 0.24063999999975363
1 relationship 0.24134139275184424
2 education 0.30154155118790715
3 capital-gain 0.4202201842229751
4 occupation 0.37104548398218806
5 education 0.4149618582589225
6 age 0.39915632931382433
7 hours-per-week 0.39951679229081877
8 capital-gain 0.4484775429970033
9 education 0.430644239174039
10 capital-loss 0.4615683722677943
11 relationship 0.4457269647245901
12 occupation 0.44301770567218773
13 capital-gain 0.4715418506621565
14 capital-loss 0.4697318972841516
15 capital-loss 0.47609812565336884
16 education 0.4556727396780438
17 workclass 0.46829135655635235
18 native-country 0.4890662152355608
19 relationship 0.4758160330420136
20 native-country 0.4765943755676615
21 capital-loss 0.4735166040728974
22 marital-status 0.46158929179091857
23 capital-gain 0.4673757981863776
24 native-country 0.47844862240456937
25 workclass 0.47740672146969687
26 native-country 0.48181746921878754
27 capital-loss 0.4826819886233193
28 native-country 0.4854021838130179
29 sex 0.4789567341175883
30 relationship 0.4719173269496123
31 sex 0.48159541339482426
32 native-country 0.47902223140261874
33 occupation 0.4825844035543494
34 education 0.48117697043656577
35 race 0.4918146797531335
36 native-country 0.49486947538167236
37 workclass 0.48698460509517727
38 race 0.4825631187605685
39 native-country 0.48958242501706817
40 capital-loss 0.49260520144254905
41 relationship 0.48923415304288975
42 native-country 0.4968847377551121
43 native-country 0.49461518965217427
44 relationship 0.487703034681917
45 occupation 0.48471020414129884
46 native-country 0.4971315348358181
47 native-country 0.49536074203821
48 native-country 0.49581000041655693
49 native-country 0.4961108146437397
50 capital-gain 0.4899143947867544
51 capital-loss 0.49056858604112635
52 capital-loss 0.49172283964279706
53 native-country 0.4909817368158209
54 workclass 0.49267004737250153
55 native-country 0.4938328450902101
56 marital-status 0.4860584801936098
57 native-country 0.49129380790427785
58 relationship 0.4871949760575034
59 sex 0.4837894811432084
60 relationship 0.48654442790044367
61 workclass 0.491257460786092
62 native-country 0.4976552032917402
63 native-country 0.4970562392833583
64 native-country 0.49725741127936224
65 native-country 0.49742680606925604
66 native-country 0.49756436808777416
67 native-country 0.49768070548332416
68 native-country 0.4977705484882684
69 native-country 0.4978280881560991
70 education 0.4932680192428887
71 native-country 0.49462443373827414
72 capital-loss 0.4926048843155352
73 workclass 0.49417151724099406
74 workclass 0.49445501420782195
75 native-country 0.4955014498872286
76 occupation 0.4939305548328094
77 native-country 0.4988814507557104
78 native-country 0.49798167881227856
79 native-country 0.4981230484170136
80 native-country 0.49818075244376775
81 native-country 0.49822734106783667
82 native-country 0.4982616857341025
83 native-country 0.49828941391864545
84 native-country 0.49831642110919283
85 capital-gain 0.49153965115937803
86 race 0.48908254249041994
87 native-country 0.4954680692036021
88 workclass 0.4970999644256636
89 occupation 0.4938907812818409
90 native-country 0.4990352935392657
91 native-country 0.49818864438526617
92 native-country 0.49831400809727405
93 native-country 0.4983874833385846
94 native-country 0.4984313177968891
95 native-country 0.4984681383878841
96 education 0.4964117526792146
97 native-country 0.4975543577539397
98 native-country 0.4984889996025877
99 native-country 0.4985381316413405
100 workclass 0.49730036424043716
101 native-country 0.49813846126758277
102 native-country 0.4985691354833619
103 capital-loss 0.49419949358871273
104 occupation 0.49401437782448526
105 workclass 0.4969813452623417
106 native-country 0.49625524268839216
107 education 0.4978145251591055
108 marital-status 0.4906093335143145
109 relationship 0.48689812303735963
110 sex 0.48805564869161727
111 native-country 0.4932535075682427
112 education 0.4975631603886134
113 education 0.49785939744609303
114 fnlwgt 0.4894807175885074
115 native-country 0.4983302399395261
116 native-country 0.4982534938826045
117 native-country 0.49844218513625355
118 native-country 0.49857053894767167
119 native-country 0.4986635530902019
120 education 0.4982840771523503
121 workclass 0.4968314588283065
122 native-country 0.49676890430181114
123 education 0.49837589046590214
124 native-country 0.49881692410949235
125 occupation 0.49664963354819963
126 native-country 0.4993475871499822
127 native-country 0.49878103952752184
128 education 0.4985601702160424
129 native-country 0.4986353830924905
130 education 0.4985432224877595
131 native-country 0.49908324451924563
132 native-country 0.49884686196502276
133 education 0.4984251035855576
134 native-country 0.4994015045481794
135 native-country 0.49889253051928345
136 native-country 0.49893732174992317
137 education 0.4984841422166916
138 native-country 0.4988481879217425
139 native-country 0.49896133328024417
140 education 0.49866859301549166
141 occupation 0.49815565002869094
142 native-country 0.4989030659179126
143 education 0.4985372430513172
144 native-country 0.49939347590622996
145 native-country 0.49897167690482
146 workclass 0.49713355456534886
147 education 0.49695493149379766
148 native-country 0.4986583518831434
149 occupation 0.49858733225093005
150 native-country 0.499214462281445
151 native-country 0.4990058350303765
152 occupation 0.49923704989370016
153 occupation 0.4992874594740973
154 native-country 0.49928029315925543
155 occupation 0.499002775504391
156 native-country 0.4990732867031783
157 occupation 0.4990275420268114
158 native-country 0.49903617589632143
159 hours-per-week 0.4909579843640306
160 occupation 0.49755468967923766
161 occupation 0.4984068397935609
162 occupation 0.4990163122186283
163 occupation 0.4994049138512864
164 native-country 0.49908790152595617
165 occupation 0.4990586042200314
166 native-country 0.49907904031008704
167 education 0.49860417887692937
168 occupation 0.49919875997599894
169 native-country 0.4992005376246159
170 occupation 0.4991215895380269
171 native-country 0.4991137502303976
172 occupation 0.49912157970487564
173 native-country 0.49912933732344683
174 education 0.49868034183119203
175 native-country 0.4993598316038686
176 native-country 0.4989290771896112
177 occupation 0.49921543776974747
178 occupation 0.4994027863845329
179 occupation 0.49945866265011785
180 age 0.4912653781885264
181 marital-status 0.4915929807454052
182 relationship 0.4891792764637461
183 sex 0.49148445837323446
184 native-country 0.4961074673941141
185 native-country 0.49890755551592625
186 occupation 0.4987971169047249
187 occupation 0.4990415169138292
188 native-country 0.4994171426010609
189 native-country 0.4990548335429934
190 occupation 0.49930520648525556
191 occupation 0.49929864331973095
192 occupation 0.499467914998953
193 native-country 0.4994712263085038
194 occupation 0.4994230119556851
195 occupation 0.4993928533504034
196 occupation 0.49947067840391324
197 native-country 0.4994693393161951
198 occupation 0.49944634400714993
199 occupation 0.49944098645999035
